<?xml version="1.0" encoding="UTF-8"?>
<!-- Generated by org.testng.reporters.JUnitReportReporter -->
<testsuite hostname="Visagan" failures="0" tests="2" name="Automation_Scripts.Deposit" time="9.365" errors="0" timestamp="2025-07-22T16:46:53 IST" skipped="0">
  <testcase classname="Automation_Scripts.Deposit" name="login" time="4.194"/>
  <testcase classname="Automation_Scripts.Deposit" name="deposit" time="5.171"/>
</testsuite> <!-- Automation_Scripts.Deposit -->
